<?xml version="1.0" encoding="UTF-8"?>
<!-- Generated by org.testng.reporters.JUnitReportReporter -->
<testsuite hostname="Dell-Windows-PC" failures="0" tests="2" name="com.simplilearn.testselenium.AssersionsDemo" time="17.163" errors="0" timestamp="2022-03-17T21:08:55 IST" skipped="0">
  <testcase classname="com.simplilearn.testselenium.AssersionsDemo" name="titleTest" time="6.097"/>
  <system-out/>
  <testcase classname="com.simplilearn.testselenium.AssersionsDemo" name="login" time="11.066"/>
  <system-out/>
</testsuite> <!-- com.simplilearn.testselenium.AssersionsDemo -->
