<?xml version="1.0" encoding="UTF-8"?>
<!-- Generated by org.testng.reporters.JUnitReportReporter -->
<testsuite hostname="Dell-Windows-PC" failures="0" tests="2" name="com.simplilearn.testselenium.TestNG" time="19.940" errors="0" timestamp="2022-03-17T22:14:02 IST" skipped="0">
  <testcase classname="com.simplilearn.testselenium.TestNG" name="verifyPageTitleTest" time="7.514"/>
  <system-out/>
  <testcase classname="com.simplilearn.testselenium.TestNG" name="verifyFreeCRMLogoTest" time="12.426"/>
  <system-out/>
</testsuite> <!-- com.simplilearn.testselenium.TestNG -->
