<?xml version="1.0" encoding="UTF-8"?>
<!-- Generated by org.testng.reporters.JUnitReportReporter -->
<testsuite hostname="Dell-Windows-PC" failures="0" tests="1" name="com.simplilearn.testselenium.SimpleTestNG" time="0.287" errors="0" timestamp="2022-03-17T15:52:19 IST" skipped="0">
  <testcase classname="com.simplilearn.testselenium.SimpleTestNG" name="method1" time="0.287"/>
  <system-out/>
</testsuite> <!-- com.simplilearn.testselenium.SimpleTestNG -->
